<?xml version="1.0" encoding="UTF-8"?>
<!-- Generated by org.testng.reporters.JUnitReportReporter -->
<testsuite skipped="0" hostname="DESKTOP-1V821SJ" name="Appium.AppiumAutomation.homePageTest" tests="1" failures="0" timestamp="2020-05-29T22:13:21 IST" time="212.863" errors="0">
  <testcase name="settingCapability" time="212.863" classname="Appium.AppiumAutomation.homePageTest"/>
  <system-out/>
</testsuite> <!-- Appium.AppiumAutomation.homePageTest -->
